mode: set
github.com/hayeah/devportv2/logger/logger.go:18.36,19.44 1 0
github.com/hayeah/devportv2/logger/logger.go:19.44,21.3 1 0
github.com/hayeah/devportv2/logger/logger.go:23.2,41.30 9 0
github.com/hayeah/devportv2/logger/logger.go:44.42,45.51 1 1
github.com/hayeah/devportv2/logger/logger.go:46.15,47.25 1 1
github.com/hayeah/devportv2/logger/logger.go:48.25,49.24 1 1
github.com/hayeah/devportv2/logger/logger.go:50.15,51.25 1 1
github.com/hayeah/devportv2/logger/logger.go:52.10,53.24 1 1
github.com/hayeah/devportv2/logger/logger.go:61.76,62.37 1 1
github.com/hayeah/devportv2/logger/logger.go:62.37,63.34 1 1
github.com/hayeah/devportv2/logger/logger.go:63.34,65.4 1 1
github.com/hayeah/devportv2/logger/logger.go:67.2,67.14 1 1
github.com/hayeah/devportv2/logger/logger.go:70.78,71.37 1 0
github.com/hayeah/devportv2/logger/logger.go:71.37,72.41 1 0
github.com/hayeah/devportv2/logger/logger.go:72.41,73.54 1 0
github.com/hayeah/devportv2/logger/logger.go:73.54,75.5 1 0
github.com/hayeah/devportv2/logger/logger.go:78.2,78.12 1 0
github.com/hayeah/devportv2/logger/logger.go:81.66,83.41 2 0
github.com/hayeah/devportv2/logger/logger.go:83.41,85.3 1 0
github.com/hayeah/devportv2/logger/logger.go:86.2,86.42 1 0
github.com/hayeah/devportv2/logger/logger.go:89.60,91.41 2 0
github.com/hayeah/devportv2/logger/logger.go:91.41,93.3 1 0
github.com/hayeah/devportv2/logger/logger.go:94.2,94.42 1 0
github.com/hayeah/devportv2/cli/devport/main.go:3.13,5.2 1 0
github.com/hayeah/devportv2/cli/devport/root.go:18.16,39.39 14 0
github.com/hayeah/devportv2/cli/devport/root.go:39.39,42.3 2 0
github.com/hayeah/devportv2/cli/devport/root.go:45.56,49.55 1 1
github.com/hayeah/devportv2/cli/devport/root.go:49.55,51.18 2 0
github.com/hayeah/devportv2/cli/devport/root.go:51.18,53.5 1 0
github.com/hayeah/devportv2/cli/devport/root.go:54.4,55.57 2 0
github.com/hayeah/devportv2/cli/devport/root.go:58.2,59.16 2 1
github.com/hayeah/devportv2/cli/devport/root.go:62.58,66.55 1 1
github.com/hayeah/devportv2/cli/devport/root.go:66.55,68.18 2 0
github.com/hayeah/devportv2/cli/devport/root.go:68.18,70.5 1 0
github.com/hayeah/devportv2/cli/devport/root.go:71.4,72.59 2 0
github.com/hayeah/devportv2/cli/devport/root.go:75.2,76.16 2 1
github.com/hayeah/devportv2/cli/devport/root.go:79.59,83.55 1 1
github.com/hayeah/devportv2/cli/devport/root.go:83.55,85.18 2 0
github.com/hayeah/devportv2/cli/devport/root.go:85.18,87.5 1 0
github.com/hayeah/devportv2/cli/devport/root.go:88.4,89.18 2 0
github.com/hayeah/devportv2/cli/devport/root.go:89.18,91.5 1 0
github.com/hayeah/devportv2/cli/devport/root.go:92.4,93.60 2 0
github.com/hayeah/devportv2/cli/devport/root.go:96.2,97.16 2 1
github.com/hayeah/devportv2/cli/devport/root.go:100.58,104.55 1 1
github.com/hayeah/devportv2/cli/devport/root.go:104.55,106.18 2 0
github.com/hayeah/devportv2/cli/devport/root.go:106.18,108.5 1 0
github.com/hayeah/devportv2/cli/devport/root.go:109.4,110.18 2 0
github.com/hayeah/devportv2/cli/devport/root.go:110.18,112.5 1 0
github.com/hayeah/devportv2/cli/devport/root.go:113.4,114.58 2 0
github.com/hayeah/devportv2/cli/devport/root.go:117.2,118.16 2 1
github.com/hayeah/devportv2/cli/devport/root.go:121.61,125.55 1 1
github.com/hayeah/devportv2/cli/devport/root.go:125.55,127.18 2 0
github.com/hayeah/devportv2/cli/devport/root.go:127.18,129.5 1 0
github.com/hayeah/devportv2/cli/devport/root.go:130.4,131.18 2 0
github.com/hayeah/devportv2/cli/devport/root.go:131.18,133.5 1 0
github.com/hayeah/devportv2/cli/devport/root.go:134.4,135.53 2 0
github.com/hayeah/devportv2/cli/devport/root.go:138.2,139.16 2 1
github.com/hayeah/devportv2/cli/devport/root.go:142.60,148.55 3 1
github.com/hayeah/devportv2/cli/devport/root.go:148.55,150.18 2 0
github.com/hayeah/devportv2/cli/devport/root.go:150.18,152.5 1 0
github.com/hayeah/devportv2/cli/devport/root.go:153.4,155.18 3 0
github.com/hayeah/devportv2/cli/devport/root.go:155.18,157.5 1 0
github.com/hayeah/devportv2/cli/devport/root.go:158.4,158.18 1 0
github.com/hayeah/devportv2/cli/devport/root.go:158.18,162.5 3 0
github.com/hayeah/devportv2/cli/devport/root.go:163.4,163.50 1 0
github.com/hayeah/devportv2/cli/devport/root.go:166.2,169.16 4 1
github.com/hayeah/devportv2/cli/devport/root.go:172.58,177.55 2 1
github.com/hayeah/devportv2/cli/devport/root.go:177.55,179.18 2 0
github.com/hayeah/devportv2/cli/devport/root.go:179.18,181.5 1 0
github.com/hayeah/devportv2/cli/devport/root.go:182.4,183.18 2 0
github.com/hayeah/devportv2/cli/devport/root.go:183.18,185.5 1 0
github.com/hayeah/devportv2/cli/devport/root.go:186.4,188.18 3 0
github.com/hayeah/devportv2/cli/devport/root.go:188.18,190.5 1 0
github.com/hayeah/devportv2/cli/devport/root.go:191.4,192.14 2 0
github.com/hayeah/devportv2/cli/devport/root.go:195.2,197.16 3 1
github.com/hayeah/devportv2/cli/devport/root.go:200.62,204.55 1 1
github.com/hayeah/devportv2/cli/devport/root.go:204.55,206.18 2 0
github.com/hayeah/devportv2/cli/devport/root.go:206.18,208.5 1 0
github.com/hayeah/devportv2/cli/devport/root.go:209.4,211.18 3 0
github.com/hayeah/devportv2/cli/devport/root.go:211.18,213.5 1 0
github.com/hayeah/devportv2/cli/devport/root.go:214.4,215.14 2 0
github.com/hayeah/devportv2/cli/devport/root.go:218.2,219.16 2 1
github.com/hayeah/devportv2/cli/devport/root.go:222.61,226.55 1 1
github.com/hayeah/devportv2/cli/devport/root.go:226.55,228.18 2 0
github.com/hayeah/devportv2/cli/devport/root.go:228.18,230.5 1 0
github.com/hayeah/devportv2/cli/devport/root.go:231.4,233.18 3 0
github.com/hayeah/devportv2/cli/devport/root.go:233.18,235.5 1 0
github.com/hayeah/devportv2/cli/devport/root.go:236.4,237.14 2 0
github.com/hayeah/devportv2/cli/devport/root.go:240.2,241.16 2 1
github.com/hayeah/devportv2/cli/devport/root.go:244.63,248.55 1 1
github.com/hayeah/devportv2/cli/devport/root.go:248.55,250.18 2 0
github.com/hayeah/devportv2/cli/devport/root.go:250.18,252.5 1 0
github.com/hayeah/devportv2/cli/devport/root.go:253.4,254.18 2 0
github.com/hayeah/devportv2/cli/devport/root.go:254.18,256.5 1 0
github.com/hayeah/devportv2/cli/devport/root.go:257.4,258.55 2 0
github.com/hayeah/devportv2/cli/devport/root.go:261.2,262.16 2 1
github.com/hayeah/devportv2/cli/devport/root.go:265.47,266.20 1 1
github.com/hayeah/devportv2/cli/devport/root.go:266.20,268.3 1 1
github.com/hayeah/devportv2/cli/devport/root.go:269.2,269.21 1 1
github.com/hayeah/devportv2/internal/testbin/testservice/main.go:14.13,15.22 1 0
github.com/hayeah/devportv2/internal/testbin/testservice/main.go:15.22,18.3 2 0
github.com/hayeah/devportv2/internal/testbin/testservice/main.go:20.2,20.20 1 0
github.com/hayeah/devportv2/internal/testbin/testservice/main.go:21.14,22.23 1 0
github.com/hayeah/devportv2/internal/testbin/testservice/main.go:23.15,24.24 1 0
github.com/hayeah/devportv2/internal/testbin/testservice/main.go:25.14,26.23 1 0
github.com/hayeah/devportv2/internal/testbin/testservice/main.go:27.10,29.13 2 0
github.com/hayeah/devportv2/internal/testbin/testservice/main.go:33.29,41.85 5 0
github.com/hayeah/devportv2/internal/testbin/testservice/main.go:41.85,43.4 1 0
github.com/hayeah/devportv2/internal/testbin/testservice/main.go:46.2,48.12 3 0
github.com/hayeah/devportv2/internal/testbin/testservice/main.go:48.12,50.3 1 0
github.com/hayeah/devportv2/internal/testbin/testservice/main.go:52.2,56.9 4 0
github.com/hayeah/devportv2/internal/testbin/testservice/main.go:57.25,61.27 4 0
github.com/hayeah/devportv2/internal/testbin/testservice/main.go:62.21,63.48 1 0
github.com/hayeah/devportv2/internal/testbin/testservice/main.go:63.48,66.4 2 0
github.com/hayeah/devportv2/internal/testbin/testservice/main.go:70.30,84.9 11 0
github.com/hayeah/devportv2/internal/testbin/testservice/main.go:85.25,86.56 1 0
github.com/hayeah/devportv2/internal/testbin/testservice/main.go:87.17,88.36 1 0
github.com/hayeah/devportv2/internal/testbin/testservice/main.go:92.29,101.2 7 0
github.com/hayeah/devportv2/config.go:56.53,58.16 2 1
github.com/hayeah/devportv2/config.go:58.16,60.3 1 0
github.com/hayeah/devportv2/config.go:61.2,62.12 2 1
github.com/hayeah/devportv2/config.go:65.44,67.2 1 1
github.com/hayeah/devportv2/config.go:69.47,71.16 2 1
github.com/hayeah/devportv2/config.go:71.16,73.3 1 0
github.com/hayeah/devportv2/config.go:75.2,76.54 2 1
github.com/hayeah/devportv2/config.go:76.54,78.3 1 0
github.com/hayeah/devportv2/config.go:80.2,80.43 1 1
github.com/hayeah/devportv2/config.go:80.43,82.3 1 1
github.com/hayeah/devportv2/config.go:83.2,83.21 1 1
github.com/hayeah/devportv2/config.go:86.36,87.20 1 1
github.com/hayeah/devportv2/config.go:87.20,89.3 1 0
github.com/hayeah/devportv2/config.go:90.2,90.25 1 1
github.com/hayeah/devportv2/config.go:90.25,92.3 1 1
github.com/hayeah/devportv2/config.go:93.2,93.89 1 1
github.com/hayeah/devportv2/config.go:93.89,95.3 1 0
github.com/hayeah/devportv2/config.go:96.2,96.26 1 1
github.com/hayeah/devportv2/config.go:96.26,98.3 1 0
github.com/hayeah/devportv2/config.go:100.2,101.39 2 1
github.com/hayeah/devportv2/config.go:101.39,103.45 2 1
github.com/hayeah/devportv2/config.go:103.45,105.4 1 1
github.com/hayeah/devportv2/config.go:106.3,106.23 1 1
github.com/hayeah/devportv2/config.go:106.23,107.52 1 1
github.com/hayeah/devportv2/config.go:107.52,109.5 1 1
github.com/hayeah/devportv2/config.go:110.4,110.29 1 1
github.com/hayeah/devportv2/config.go:112.3,112.28 1 1
github.com/hayeah/devportv2/config.go:115.2,115.12 1 1
github.com/hayeah/devportv2/config.go:118.41,119.17 1 1
github.com/hayeah/devportv2/config.go:119.17,121.3 1 0
github.com/hayeah/devportv2/config.go:122.2,122.25 1 1
github.com/hayeah/devportv2/config.go:122.25,124.3 1 0
github.com/hayeah/devportv2/config.go:125.2,125.28 1 1
github.com/hayeah/devportv2/config.go:125.28,127.3 1 0
github.com/hayeah/devportv2/config.go:128.2,128.30 1 1
github.com/hayeah/devportv2/config.go:128.30,130.3 1 1
github.com/hayeah/devportv2/config.go:131.2,131.21 1 1
github.com/hayeah/devportv2/config.go:131.21,133.3 1 1
github.com/hayeah/devportv2/config.go:134.2,134.26 1 1
github.com/hayeah/devportv2/config.go:134.26,136.3 1 0
github.com/hayeah/devportv2/config.go:137.2,137.53 1 1
github.com/hayeah/devportv2/config.go:137.53,139.3 1 0
github.com/hayeah/devportv2/config.go:140.2,140.29 1 1
github.com/hayeah/devportv2/config.go:140.29,142.44 2 1
github.com/hayeah/devportv2/config.go:142.44,144.4 1 0
github.com/hayeah/devportv2/config.go:145.3,145.15 1 1
github.com/hayeah/devportv2/config.go:145.15,147.4 1 1
github.com/hayeah/devportv2/config.go:149.2,149.12 1 1
github.com/hayeah/devportv2/config.go:152.51,153.18 1 1
github.com/hayeah/devportv2/config.go:153.18,155.3 1 0
github.com/hayeah/devportv2/config.go:156.2,156.38 1 1
github.com/hayeah/devportv2/config.go:156.38,158.3 1 1
github.com/hayeah/devportv2/config.go:160.2,160.16 1 1
github.com/hayeah/devportv2/config.go:161.14,162.13 1 1
github.com/hayeah/devportv2/config.go:163.17,164.13 1 1
github.com/hayeah/devportv2/config.go:165.14,166.18 1 1
github.com/hayeah/devportv2/config.go:166.18,168.4 1 0
github.com/hayeah/devportv2/config.go:169.3,169.31 1 1
github.com/hayeah/devportv2/config.go:169.31,171.4 1 0
github.com/hayeah/devportv2/config.go:172.3,172.13 1 1
github.com/hayeah/devportv2/config.go:173.17,174.26 1 0
github.com/hayeah/devportv2/config.go:174.26,176.4 1 0
github.com/hayeah/devportv2/config.go:177.3,177.13 1 0
github.com/hayeah/devportv2/config.go:178.10,179.58 1 0
github.com/hayeah/devportv2/config.go:183.59,185.9 2 1
github.com/hayeah/devportv2/config.go:185.9,187.3 1 0
github.com/hayeah/devportv2/config.go:188.2,188.21 1 1
github.com/hayeah/devportv2/config.go:191.65,192.22 1 1
github.com/hayeah/devportv2/config.go:192.22,194.31 2 1
github.com/hayeah/devportv2/config.go:194.31,196.4 1 1
github.com/hayeah/devportv2/config.go:197.3,198.19 2 1
github.com/hayeah/devportv2/config.go:201.2,203.29 3 0
github.com/hayeah/devportv2/config.go:203.29,204.16 1 0
github.com/hayeah/devportv2/config.go:204.16,205.12 1 0
github.com/hayeah/devportv2/config.go:207.3,207.36 1 0
github.com/hayeah/devportv2/config.go:207.36,209.4 1 0
github.com/hayeah/devportv2/config.go:210.3,211.27 2 0
github.com/hayeah/devportv2/config.go:213.2,214.18 2 0
github.com/hayeah/devportv2/config.go:217.49,244.16 4 1
github.com/hayeah/devportv2/config.go:244.16,246.3 1 0
github.com/hayeah/devportv2/config.go:247.2,248.40 2 1
github.com/hayeah/devportv2/config.go:251.69,253.16 2 1
github.com/hayeah/devportv2/config.go:253.16,255.3 1 0
github.com/hayeah/devportv2/config.go:257.2,258.34 2 1
github.com/hayeah/devportv2/config.go:258.34,260.55 2 1
github.com/hayeah/devportv2/config.go:260.55,261.12 1 1
github.com/hayeah/devportv2/config.go:263.3,266.5 1 1
github.com/hayeah/devportv2/config.go:268.2,269.19 2 1
github.com/hayeah/devportv2/env.go:19.64,21.36 2 1
github.com/hayeah/devportv2/env.go:21.36,23.9 2 1
github.com/hayeah/devportv2/env.go:23.9,25.4 1 1
github.com/hayeah/devportv2/env.go:28.2,28.40 1 1
github.com/hayeah/devportv2/env.go:28.40,30.17 2 1
github.com/hayeah/devportv2/env.go:30.17,32.4 1 0
github.com/hayeah/devportv2/env.go:33.3,34.17 2 1
github.com/hayeah/devportv2/env.go:34.17,36.4 1 0
github.com/hayeah/devportv2/env.go:37.3,37.34 1 1
github.com/hayeah/devportv2/env.go:37.34,39.4 1 1
github.com/hayeah/devportv2/env.go:42.2,42.22 1 1
github.com/hayeah/devportv2/env.go:42.22,44.3 1 1
github.com/hayeah/devportv2/env.go:45.2,45.47 1 1
github.com/hayeah/devportv2/env.go:45.47,47.3 1 1
github.com/hayeah/devportv2/env.go:49.2,49.41 1 1
github.com/hayeah/devportv2/env.go:52.56,55.2 2 1
github.com/hayeah/devportv2/env.go:57.56,58.82 1 1
github.com/hayeah/devportv2/env.go:58.82,60.27 2 1
github.com/hayeah/devportv2/env.go:60.27,62.4 1 0
github.com/hayeah/devportv2/env.go:63.3,64.37 2 1
github.com/hayeah/devportv2/env.go:64.37,66.4 1 1
github.com/hayeah/devportv2/env.go:67.3,67.37 1 1
github.com/hayeah/devportv2/env.go:67.37,69.4 1 1
github.com/hayeah/devportv2/env.go:70.3,70.12 1 1
github.com/hayeah/devportv2/env.go:74.60,76.35 2 1
github.com/hayeah/devportv2/env.go:76.35,78.3 1 1
github.com/hayeah/devportv2/env.go:79.2,79.17 1 1
github.com/hayeah/devportv2/env.go:82.41,84.35 2 1
github.com/hayeah/devportv2/env.go:84.35,86.3 1 1
github.com/hayeah/devportv2/env.go:87.2,87.12 1 1
github.com/hayeah/devportv2/health.go:22.140,24.18 2 1
github.com/hayeah/devportv2/health.go:24.18,26.3 1 0
github.com/hayeah/devportv2/health.go:27.2,30.6 3 1
github.com/hayeah/devportv2/health.go:30.6,32.21 2 1
github.com/hayeah/devportv2/health.go:32.21,33.40 1 1
github.com/hayeah/devportv2/health.go:33.40,34.30 1 1
github.com/hayeah/devportv2/health.go:34.30,36.6 1 1
github.com/hayeah/devportv2/health.go:37.5,37.62 1 1
github.com/hayeah/devportv2/health.go:37.62,38.15 1 1
github.com/hayeah/devportv2/health.go:41.4,41.22 1 0
github.com/hayeah/devportv2/health.go:43.3,44.33 2 1
github.com/hayeah/devportv2/health.go:44.33,46.4 1 1
github.com/hayeah/devportv2/health.go:47.2,48.10 1 1
github.com/hayeah/devportv2/health.go:49.21,50.28 1 0
github.com/hayeah/devportv2/health.go:51.45,51.45 0 1
github.com/hayeah/devportv2/health.go:56.128,59.29 2 1
github.com/hayeah/devportv2/health.go:60.14,61.88 1 0
github.com/hayeah/devportv2/health.go:62.17,63.21 1 1
github.com/hayeah/devportv2/health.go:63.21,65.4 1 1
github.com/hayeah/devportv2/health.go:66.3,66.98 1 1
github.com/hayeah/devportv2/health.go:67.14,68.55 1 1
github.com/hayeah/devportv2/health.go:68.55,70.4 1 0
github.com/hayeah/devportv2/health.go:71.3,72.17 2 1
github.com/hayeah/devportv2/health.go:72.17,74.4 1 0
github.com/hayeah/devportv2/health.go:75.3,76.17 2 1
github.com/hayeah/devportv2/health.go:76.17,78.4 1 0
github.com/hayeah/devportv2/health.go:79.3,80.72 2 1
github.com/hayeah/devportv2/health.go:80.72,82.4 1 1
github.com/hayeah/devportv2/health.go:83.3,83.135 1 0
github.com/hayeah/devportv2/health.go:84.17,86.24 2 1
github.com/hayeah/devportv2/health.go:86.24,88.4 1 0
github.com/hayeah/devportv2/health.go:89.3,93.17 5 1
github.com/hayeah/devportv2/health.go:93.17,95.4 1 1
github.com/hayeah/devportv2/health.go:96.3,96.97 1 1
github.com/hayeah/devportv2/health.go:97.10,98.141 1 0
github.com/hayeah/devportv2/health.go:102.35,104.16 2 1
github.com/hayeah/devportv2/health.go:104.16,106.3 1 1
github.com/hayeah/devportv2/health.go:107.2,108.13 2 1
github.com/hayeah/devportv2/health.go:111.42,112.15 1 1
github.com/hayeah/devportv2/health.go:112.15,114.3 1 1
github.com/hayeah/devportv2/health.go:115.2,115.25 1 1
github.com/hayeah/devportv2/health.go:115.25,117.3 1 1
github.com/hayeah/devportv2/health.go:118.2,118.12 1 1
github.com/hayeah/devportv2/health.go:121.33,122.14 1 1
github.com/hayeah/devportv2/health.go:122.14,124.3 1 0
github.com/hayeah/devportv2/health.go:125.2,125.36 1 1
github.com/hayeah/devportv2/lock.go:15.41,17.2 1 1
github.com/hayeah/devportv2/lock.go:19.44,20.65 1 1
github.com/hayeah/devportv2/lock.go:20.65,22.3 1 0
github.com/hayeah/devportv2/lock.go:24.2,25.16 2 1
github.com/hayeah/devportv2/lock.go:25.16,27.3 1 0
github.com/hayeah/devportv2/lock.go:28.2,28.87 1 1
github.com/hayeah/devportv2/lock.go:28.87,30.33 2 1
github.com/hayeah/devportv2/lock.go:30.33,32.4 1 1
github.com/hayeah/devportv2/lock.go:33.3,33.20 1 0
github.com/hayeah/devportv2/lock.go:36.2,37.18 2 1
github.com/hayeah/devportv2/lock.go:40.35,41.19 1 1
github.com/hayeah/devportv2/lock.go:41.19,43.3 1 0
github.com/hayeah/devportv2/lock.go:44.2,46.12 3 1
github.com/hayeah/devportv2/lock.go:49.42,52.16 3 1
github.com/hayeah/devportv2/lock.go:52.16,54.3 1 0
github.com/hayeah/devportv2/lock.go:55.2,55.8 1 1
github.com/hayeah/devportv2/lock.go:55.8,56.39 1 1
github.com/hayeah/devportv2/lock.go:56.39,58.4 1 0
github.com/hayeah/devportv2/lock.go:59.3,59.20 1 1
github.com/hayeah/devportv2/lock.go:61.2,61.18 1 1
github.com/hayeah/devportv2/manager.go:52.84,54.16 2 1
github.com/hayeah/devportv2/manager.go:54.16,56.3 1 0
github.com/hayeah/devportv2/manager.go:58.2,59.16 2 1
github.com/hayeah/devportv2/manager.go:59.16,61.3 1 0
github.com/hayeah/devportv2/manager.go:63.2,64.16 2 1
github.com/hayeah/devportv2/manager.go:64.16,66.3 1 0
github.com/hayeah/devportv2/manager.go:68.2,69.16 2 1
github.com/hayeah/devportv2/manager.go:69.16,72.3 2 0
github.com/hayeah/devportv2/manager.go:74.2,86.21 3 1
github.com/hayeah/devportv2/manager.go:89.33,90.14 1 1
github.com/hayeah/devportv2/manager.go:90.14,92.3 1 0
github.com/hayeah/devportv2/manager.go:93.2,93.24 1 1
github.com/hayeah/devportv2/manager.go:96.71,98.16 2 1
github.com/hayeah/devportv2/manager.go:98.16,100.3 1 0
github.com/hayeah/devportv2/manager.go:101.2,101.58 1 1
github.com/hayeah/devportv2/manager.go:101.58,103.3 1 0
github.com/hayeah/devportv2/manager.go:105.2,106.16 2 1
github.com/hayeah/devportv2/manager.go:106.16,108.3 1 0
github.com/hayeah/devportv2/manager.go:109.2,109.14 1 1
github.com/hayeah/devportv2/manager.go:109.14,111.3 1 0
github.com/hayeah/devportv2/manager.go:113.2,115.54 3 1
github.com/hayeah/devportv2/manager.go:115.54,117.3 1 0
github.com/hayeah/devportv2/manager.go:119.2,120.34 2 1
github.com/hayeah/devportv2/manager.go:120.34,122.17 2 1
github.com/hayeah/devportv2/manager.go:122.17,124.4 1 0
github.com/hayeah/devportv2/manager.go:125.3,125.20 1 1
github.com/hayeah/devportv2/manager.go:125.20,126.25 1 1
github.com/hayeah/devportv2/manager.go:127.19,128.15 1 1
github.com/hayeah/devportv2/manager.go:129.18,130.31 1 0
github.com/hayeah/devportv2/manager.go:130.31,132.6 1 0
github.com/hayeah/devportv2/manager.go:133.5,133.57 1 0
github.com/hayeah/devportv2/manager.go:136.3,136.37 1 1
github.com/hayeah/devportv2/manager.go:139.2,139.76 1 0
github.com/hayeah/devportv2/manager.go:142.71,144.16 2 1
github.com/hayeah/devportv2/manager.go:144.16,146.3 1 0
github.com/hayeah/devportv2/manager.go:147.2,148.19 2 1
github.com/hayeah/devportv2/manager.go:148.19,151.3 2 0
github.com/hayeah/devportv2/manager.go:153.2,154.16 2 1
github.com/hayeah/devportv2/manager.go:154.16,156.3 1 0
github.com/hayeah/devportv2/manager.go:158.2,158.42 1 1
github.com/hayeah/devportv2/manager.go:158.42,159.101 1 1
github.com/hayeah/devportv2/manager.go:159.101,161.4 1 0
github.com/hayeah/devportv2/manager.go:162.3,163.35 2 1
github.com/hayeah/devportv2/manager.go:163.35,165.18 2 1
github.com/hayeah/devportv2/manager.go:165.18,167.5 1 0
github.com/hayeah/devportv2/manager.go:168.4,168.17 1 1
github.com/hayeah/devportv2/manager.go:168.17,169.10 1 1
github.com/hayeah/devportv2/manager.go:171.4,171.38 1 1
github.com/hayeah/devportv2/manager.go:175.2,175.50 1 1
github.com/hayeah/devportv2/manager.go:175.50,177.3 1 0
github.com/hayeah/devportv2/manager.go:179.2,185.60 7 1
github.com/hayeah/devportv2/manager.go:185.60,187.3 1 0
github.com/hayeah/devportv2/manager.go:188.2,188.99 1 1
github.com/hayeah/devportv2/manager.go:191.66,192.52 1 1
github.com/hayeah/devportv2/manager.go:192.52,194.3 1 0
github.com/hayeah/devportv2/manager.go:196.2,197.16 2 1
github.com/hayeah/devportv2/manager.go:197.16,199.3 1 0
github.com/hayeah/devportv2/manager.go:200.2,200.19 1 1
github.com/hayeah/devportv2/manager.go:200.19,202.61 2 1
github.com/hayeah/devportv2/manager.go:202.61,204.4 1 0
github.com/hayeah/devportv2/manager.go:206.2,206.37 1 1
github.com/hayeah/devportv2/manager.go:209.64,211.16 2 1
github.com/hayeah/devportv2/manager.go:211.16,213.3 1 0
github.com/hayeah/devportv2/manager.go:215.2,216.31 2 1
github.com/hayeah/devportv2/manager.go:216.31,217.49 1 1
github.com/hayeah/devportv2/manager.go:217.49,219.4 1 0
github.com/hayeah/devportv2/manager.go:221.2,221.23 1 1
github.com/hayeah/devportv2/manager.go:221.23,223.3 1 0
github.com/hayeah/devportv2/manager.go:224.2,224.12 1 1
github.com/hayeah/devportv2/manager.go:227.66,229.16 2 1
github.com/hayeah/devportv2/manager.go:229.16,231.3 1 0
github.com/hayeah/devportv2/manager.go:232.2,232.31 1 1
github.com/hayeah/devportv2/manager.go:232.31,233.50 1 1
github.com/hayeah/devportv2/manager.go:233.50,235.4 1 0
github.com/hayeah/devportv2/manager.go:237.2,237.12 1 1
github.com/hayeah/devportv2/manager.go:240.84,242.16 2 1
github.com/hayeah/devportv2/manager.go:242.16,244.3 1 0
github.com/hayeah/devportv2/manager.go:245.2,246.46 2 1
github.com/hayeah/devportv2/manager.go:246.46,248.3 1 1
github.com/hayeah/devportv2/manager.go:249.2,249.42 1 1
github.com/hayeah/devportv2/manager.go:252.56,253.66 1 1
github.com/hayeah/devportv2/manager.go:253.66,255.3 1 0
github.com/hayeah/devportv2/manager.go:257.2,259.33 3 1
github.com/hayeah/devportv2/manager.go:259.33,261.3 1 0
github.com/hayeah/devportv2/manager.go:262.2,262.20 1 1
github.com/hayeah/devportv2/manager.go:262.20,264.3 1 1
github.com/hayeah/devportv2/manager.go:265.2,265.31 1 1
github.com/hayeah/devportv2/manager.go:265.31,267.23 2 1
github.com/hayeah/devportv2/manager.go:267.23,269.4 1 1
github.com/hayeah/devportv2/manager.go:272.2,272.79 1 1
github.com/hayeah/devportv2/manager.go:272.79,273.17 1 1
github.com/hayeah/devportv2/manager.go:273.17,274.12 1 1
github.com/hayeah/devportv2/manager.go:276.3,276.27 1 1
github.com/hayeah/devportv2/manager.go:276.27,278.4 1 1
github.com/hayeah/devportv2/manager.go:280.2,280.103 1 0
github.com/hayeah/devportv2/manager.go:283.58,285.16 2 1
github.com/hayeah/devportv2/manager.go:285.16,287.3 1 0
github.com/hayeah/devportv2/manager.go:288.2,288.70 1 1
github.com/hayeah/devportv2/manager.go:291.84,293.16 2 1
github.com/hayeah/devportv2/manager.go:293.16,295.3 1 0
github.com/hayeah/devportv2/manager.go:297.2,298.31 2 1
github.com/hayeah/devportv2/manager.go:298.31,301.17 3 1
github.com/hayeah/devportv2/manager.go:301.17,303.4 1 0
github.com/hayeah/devportv2/manager.go:305.3,314.20 2 1
github.com/hayeah/devportv2/manager.go:314.20,324.4 9 1
github.com/hayeah/devportv2/manager.go:326.3,327.17 2 1
github.com/hayeah/devportv2/manager.go:327.17,329.4 1 0
github.com/hayeah/devportv2/manager.go:330.3,330.76 1 1
github.com/hayeah/devportv2/manager.go:330.76,332.4 1 0
github.com/hayeah/devportv2/manager.go:334.3,335.17 2 1
github.com/hayeah/devportv2/manager.go:335.17,337.4 1 0
github.com/hayeah/devportv2/manager.go:338.3,338.75 1 1
github.com/hayeah/devportv2/manager.go:338.75,340.4 1 0
github.com/hayeah/devportv2/manager.go:341.3,341.108 1 1
github.com/hayeah/devportv2/manager.go:341.108,343.4 1 0
github.com/hayeah/devportv2/manager.go:344.3,344.70 1 1
github.com/hayeah/devportv2/manager.go:344.70,346.4 1 0
github.com/hayeah/devportv2/manager.go:348.3,349.31 2 1
github.com/hayeah/devportv2/manager.go:349.31,351.4 1 1
github.com/hayeah/devportv2/manager.go:351.9,353.18 2 1
github.com/hayeah/devportv2/manager.go:353.18,355.5 1 0
github.com/hayeah/devportv2/manager.go:356.4,357.18 2 1
github.com/hayeah/devportv2/manager.go:357.18,359.5 1 0
github.com/hayeah/devportv2/manager.go:360.4,360.62 1 1
github.com/hayeah/devportv2/manager.go:360.62,362.5 1 1
github.com/hayeah/devportv2/manager.go:363.4,364.22 2 1
github.com/hayeah/devportv2/manager.go:364.22,366.5 1 1
github.com/hayeah/devportv2/manager.go:366.10,368.5 1 0
github.com/hayeah/devportv2/manager.go:369.4,375.19 1 1
github.com/hayeah/devportv2/manager.go:375.19,377.5 1 0
github.com/hayeah/devportv2/manager.go:379.3,382.36 3 1
github.com/hayeah/devportv2/manager.go:385.2,385.22 1 1
github.com/hayeah/devportv2/manager.go:388.75,392.14 3 1
github.com/hayeah/devportv2/manager.go:392.14,394.35 2 0
github.com/hayeah/devportv2/manager.go:394.35,395.30 1 0
github.com/hayeah/devportv2/manager.go:395.30,396.13 1 0
github.com/hayeah/devportv2/manager.go:398.4,398.100 1 0
github.com/hayeah/devportv2/manager.go:400.3,400.13 1 0
github.com/hayeah/devportv2/manager.go:403.2,404.34 2 1
github.com/hayeah/devportv2/manager.go:404.34,406.28 2 1
github.com/hayeah/devportv2/manager.go:406.28,408.4 1 0
github.com/hayeah/devportv2/manager.go:409.3,409.124 1 1
github.com/hayeah/devportv2/manager.go:411.2,411.12 1 1
github.com/hayeah/devportv2/manager.go:414.68,416.16 2 0
github.com/hayeah/devportv2/manager.go:416.16,418.3 1 0
github.com/hayeah/devportv2/manager.go:419.2,419.28 1 0
github.com/hayeah/devportv2/manager.go:422.47,424.2 1 1
github.com/hayeah/devportv2/manager.go:426.42,427.28 1 1
github.com/hayeah/devportv2/manager.go:427.28,429.3 1 0
github.com/hayeah/devportv2/manager.go:430.2,430.12 1 1
github.com/hayeah/devportv2/paths.go:17.57,19.16 2 1
github.com/hayeah/devportv2/paths.go:19.16,21.3 1 0
github.com/hayeah/devportv2/paths.go:23.2,24.16 2 1
github.com/hayeah/devportv2/paths.go:24.16,26.3 1 0
github.com/hayeah/devportv2/paths.go:28.2,33.8 1 1
github.com/hayeah/devportv2/paths.go:36.57,37.9 1 1
github.com/hayeah/devportv2/paths.go:38.22,39.30 1 1
github.com/hayeah/devportv2/paths.go:40.41,41.49 1 1
github.com/hayeah/devportv2/paths.go:42.10,43.54 1 1
github.com/hayeah/devportv2/paths.go:47.40,48.77 1 1
github.com/hayeah/devportv2/paths.go:48.77,50.3 1 1
github.com/hayeah/devportv2/paths.go:51.2,51.45 1 0
github.com/hayeah/devportv2/paths.go:54.46,55.16 1 1
github.com/hayeah/devportv2/paths.go:55.16,57.3 1 1
github.com/hayeah/devportv2/paths.go:58.2,58.34 1 1
github.com/hayeah/devportv2/paths.go:58.34,60.17 2 1
github.com/hayeah/devportv2/paths.go:60.17,62.4 1 0
github.com/hayeah/devportv2/paths.go:63.3,63.18 1 1
github.com/hayeah/devportv2/paths.go:63.18,65.4 1 0
github.com/hayeah/devportv2/paths.go:65.9,65.43 1 1
github.com/hayeah/devportv2/paths.go:65.43,67.4 1 1
github.com/hayeah/devportv2/paths.go:69.2,69.41 1 1
github.com/hayeah/devportv2/store.go:46.47,47.65 1 1
github.com/hayeah/devportv2/store.go:47.65,49.3 1 0
github.com/hayeah/devportv2/store.go:51.2,52.16 2 1
github.com/hayeah/devportv2/store.go:52.16,54.3 1 0
github.com/hayeah/devportv2/store.go:55.2,56.60 2 1
github.com/hayeah/devportv2/store.go:56.60,59.3 2 0
github.com/hayeah/devportv2/store.go:60.2,60.19 1 1
github.com/hayeah/devportv2/store.go:63.31,64.29 1 1
github.com/hayeah/devportv2/store.go:64.29,66.3 1 0
github.com/hayeah/devportv2/store.go:67.2,67.21 1 1
github.com/hayeah/devportv2/store.go:70.52,108.32 2 1
github.com/hayeah/devportv2/store.go:108.32,109.57 1 1
github.com/hayeah/devportv2/store.go:109.57,111.4 1 0
github.com/hayeah/devportv2/store.go:113.2,113.12 1 1
github.com/hayeah/devportv2/store.go:116.80,143.2 3 1
github.com/hayeah/devportv2/store.go:145.76,158.2 3 1
github.com/hayeah/devportv2/store.go:160.110,162.16 2 1
github.com/hayeah/devportv2/store.go:162.16,164.3 1 0
github.com/hayeah/devportv2/store.go:165.2,169.12 2 1
github.com/hayeah/devportv2/store.go:172.82,183.72 4 1
github.com/hayeah/devportv2/store.go:183.72,184.27 1 1
github.com/hayeah/devportv2/store.go:184.27,186.4 1 1
github.com/hayeah/devportv2/store.go:187.3,187.18 1 0
github.com/hayeah/devportv2/store.go:189.2,190.21 2 1
github.com/hayeah/devportv2/store.go:193.80,201.130 4 1
github.com/hayeah/devportv2/store.go:201.130,202.27 1 0
github.com/hayeah/devportv2/store.go:202.27,204.4 1 0
github.com/hayeah/devportv2/store.go:205.3,205.18 1 0
github.com/hayeah/devportv2/store.go:207.2,208.21 2 1
github.com/hayeah/devportv2/store.go:211.72,218.16 2 1
github.com/hayeah/devportv2/store.go:218.16,220.3 1 0
github.com/hayeah/devportv2/store.go:221.2,224.18 3 1
github.com/hayeah/devportv2/store.go:224.18,229.73 3 1
github.com/hayeah/devportv2/store.go:229.73,231.4 1 0
github.com/hayeah/devportv2/store.go:232.3,233.36 2 1
github.com/hayeah/devportv2/store.go:235.2,235.28 1 1
github.com/hayeah/devportv2/store.go:238.70,240.16 2 1
github.com/hayeah/devportv2/store.go:240.16,242.3 1 0
github.com/hayeah/devportv2/store.go:243.2,244.12 2 1
github.com/hayeah/devportv2/store.go:247.22,249.2 1 1
github.com/hayeah/devportv2/store.go:251.32,252.11 1 1
github.com/hayeah/devportv2/store.go:252.11,254.3 1 1
github.com/hayeah/devportv2/store.go:255.2,255.10 1 1
github.com/hayeah/devportv2/supervisor.go:28.71,30.16 2 0
github.com/hayeah/devportv2/supervisor.go:30.16,32.3 1 0
github.com/hayeah/devportv2/supervisor.go:34.2,35.16 2 0
github.com/hayeah/devportv2/supervisor.go:35.16,37.3 1 0
github.com/hayeah/devportv2/supervisor.go:38.2,39.16 2 0
github.com/hayeah/devportv2/supervisor.go:39.16,41.3 1 0
github.com/hayeah/devportv2/supervisor.go:42.2,43.16 2 0
github.com/hayeah/devportv2/supervisor.go:43.16,45.3 1 0
github.com/hayeah/devportv2/supervisor.go:47.2,58.16 3 0
github.com/hayeah/devportv2/supervisor.go:58.16,60.3 1 0
github.com/hayeah/devportv2/supervisor.go:61.2,61.21 1 0
github.com/hayeah/devportv2/supervisor.go:61.21,63.3 1 0
github.com/hayeah/devportv2/supervisor.go:65.2,74.8 1 0
github.com/hayeah/devportv2/supervisor.go:77.53,79.16 2 0
github.com/hayeah/devportv2/supervisor.go:79.16,81.3 1 0
github.com/hayeah/devportv2/supervisor.go:82.2,82.9 1 0
github.com/hayeah/devportv2/supervisor.go:82.9,84.3 1 0
github.com/hayeah/devportv2/supervisor.go:85.2,85.15 1 0
github.com/hayeah/devportv2/supervisor.go:85.15,85.38 1 0
github.com/hayeah/devportv2/supervisor.go:87.2,87.39 1 0
github.com/hayeah/devportv2/supervisor.go:87.39,89.3 1 0
github.com/hayeah/devportv2/supervisor.go:91.2,99.38 8 0
github.com/hayeah/devportv2/supervisor.go:99.38,106.3 6 0
github.com/hayeah/devportv2/supervisor.go:108.2,109.39 2 0
github.com/hayeah/devportv2/supervisor.go:109.39,111.3 1 0
github.com/hayeah/devportv2/supervisor.go:113.2,114.12 2 0
github.com/hayeah/devportv2/supervisor.go:114.12,116.3 1 0
github.com/hayeah/devportv2/supervisor.go:118.2,124.88 6 0
github.com/hayeah/devportv2/supervisor.go:124.88,126.3 1 0
github.com/hayeah/devportv2/supervisor.go:127.2,127.21 1 0
github.com/hayeah/devportv2/supervisor.go:127.21,138.87 5 0
github.com/hayeah/devportv2/supervisor.go:138.87,140.4 1 0
github.com/hayeah/devportv2/supervisor.go:141.3,141.42 1 0
github.com/hayeah/devportv2/supervisor.go:141.42,143.4 1 0
github.com/hayeah/devportv2/supervisor.go:144.3,147.18 4 0
github.com/hayeah/devportv2/supervisor.go:150.2,161.39 6 0
github.com/hayeah/devportv2/supervisor.go:161.39,163.3 1 0
github.com/hayeah/devportv2/supervisor.go:164.2,167.6 3 0
github.com/hayeah/devportv2/supervisor.go:167.6,168.10 1 0
github.com/hayeah/devportv2/supervisor.go:169.26,174.88 5 0
github.com/hayeah/devportv2/supervisor.go:174.88,177.5 2 0
github.com/hayeah/devportv2/supervisor.go:178.4,185.14 8 0
github.com/hayeah/devportv2/supervisor.go:186.28,191.22 5 0
github.com/hayeah/devportv2/supervisor.go:191.22,198.5 6 0
github.com/hayeah/devportv2/supervisor.go:200.4,206.18 7 0
github.com/hayeah/devportv2/supervisor.go:207.21,208.20 1 0
github.com/hayeah/devportv2/supervisor.go:213.57,215.2 1 0
github.com/hayeah/devportv2/supervisor.go:217.66,218.14 1 0
github.com/hayeah/devportv2/supervisor.go:218.14,220.3 1 0
github.com/hayeah/devportv2/supervisor.go:221.2,224.34 4 0
github.com/hayeah/devportv2/supervisor.go:224.34,225.25 1 0
github.com/hayeah/devportv2/supervisor.go:225.25,227.4 1 0
github.com/hayeah/devportv2/supervisor.go:228.3,228.37 1 0
github.com/hayeah/devportv2/supervisor.go:230.2,231.12 2 0
github.com/hayeah/devportv2/supervisor.go:234.30,235.16 1 0
github.com/hayeah/devportv2/supervisor.go:235.16,237.3 1 0
github.com/hayeah/devportv2/supervisor.go:238.2,239.31 2 0
github.com/hayeah/devportv2/supervisor.go:239.31,241.3 1 0
github.com/hayeah/devportv2/supervisor.go:242.2,242.58 1 0
github.com/hayeah/devportv2/supervisor.go:242.58,243.22 1 0
github.com/hayeah/devportv2/supervisor.go:243.22,245.4 1 0
github.com/hayeah/devportv2/supervisor.go:246.3,246.24 1 0
github.com/hayeah/devportv2/supervisor.go:246.24,248.4 1 0
github.com/hayeah/devportv2/supervisor.go:250.2,250.10 1 0
github.com/hayeah/devportv2/tmux.go:16.36,18.2 1 1
github.com/hayeah/devportv2/tmux.go:20.46,23.2 2 1
github.com/hayeah/devportv2/tmux.go:25.45,27.2 1 1
github.com/hayeah/devportv2/tmux.go:29.61,30.23 1 1
github.com/hayeah/devportv2/tmux.go:30.23,32.3 1 0
github.com/hayeah/devportv2/tmux.go:33.2,34.23 2 1
github.com/hayeah/devportv2/tmux.go:34.23,35.29 1 1
github.com/hayeah/devportv2/tmux.go:35.29,36.47 1 0
github.com/hayeah/devportv2/tmux.go:36.47,38.5 1 0
github.com/hayeah/devportv2/tmux.go:40.3,42.61 3 1
github.com/hayeah/devportv2/tmux.go:42.61,44.4 1 0
github.com/hayeah/devportv2/tmux.go:45.3,45.35 1 1
github.com/hayeah/devportv2/tmux.go:48.2,50.60 3 1
github.com/hayeah/devportv2/tmux.go:50.60,52.3 1 0
github.com/hayeah/devportv2/tmux.go:53.2,53.34 1 1
github.com/hayeah/devportv2/tmux.go:56.37,58.2 1 1
github.com/hayeah/devportv2/tmux.go:60.49,63.2 1 1
github.com/hayeah/devportv2/tmux.go:65.48,66.29 1 1
github.com/hayeah/devportv2/tmux.go:66.29,68.3 1 0
github.com/hayeah/devportv2/tmux.go:69.2,69.90 1 1
github.com/hayeah/devportv2/tmux.go:69.90,71.3 1 0
github.com/hayeah/devportv2/tmux.go:72.2,72.12 1 1
github.com/hayeah/devportv2/tmux.go:75.70,78.16 3 1
github.com/hayeah/devportv2/tmux.go:78.16,80.3 1 0
github.com/hayeah/devportv2/tmux.go:81.2,81.28 1 1
github.com/hayeah/devportv2/tmux.go:84.53,85.113 1 1
github.com/hayeah/devportv2/tmux.go:85.113,87.3 1 0
github.com/hayeah/devportv2/tmux.go:88.2,88.12 1 1
github.com/hayeah/devportv2/tmux.go:91.37,93.16 2 1
github.com/hayeah/devportv2/tmux.go:93.16,95.3 1 0
github.com/hayeah/devportv2/tmux.go:96.2,96.37 1 1
github.com/hayeah/devportv2/tmux.go:99.37,102.27 3 1
github.com/hayeah/devportv2/tmux.go:102.27,104.10 2 1
github.com/hayeah/devportv2/tmux.go:104.10,105.12 1 1
github.com/hayeah/devportv2/tmux.go:107.3,107.43 1 1
github.com/hayeah/devportv2/tmux.go:109.2,109.13 1 1
